  Server.cpp
  _WIN32_WINNT not defined. Defaulting to _WIN32_WINNT_MAXVER (see WinSDKVer.h)
E:\4 сеееем\курсачкакойтоидиотский\SAPIS\Server\Server.cpp(111,21): warning C4018: <: несоответствие типов со знаком и без знака
E:\4 сеееем\курсачкакойтоидиотский\SAPIS\Server\Server.cpp(114,21): warning C4018: <: несоответствие типов со знаком и без знака
E:\4 сеееем\курсачкакойтоидиотский\SAPIS\Server\Server.cpp(141,21): warning C4018: <: несоответствие типов со знаком и без знака
E:\4 сеееем\курсачкакойтоидиотский\SAPIS\Server\Server.cpp(146,21): warning C4018: <: несоответствие типов со знаком и без знака
E:\4 сеееем\курсачкакойтоидиотский\SAPIS\Server\Server.cpp(129,6): warning C4101: k12: неиспользованная локальная переменная
E:\4 сеееем\курсачкакойтоидиотский\SAPIS\Server\Server.cpp(128,8): warning C4101: ff12: неиспользованная локальная переменная
E:\4 сеееем\курсачкакойтоидиотский\SAPIS\Server\Server.cpp(243,21): warning C4018: <: несоответствие типов со знаком и без знака
E:\4 сеееем\курсачкакойтоидиотский\SAPIS\Server\Server.cpp(246,21): warning C4018: <: несоответствие типов со знаком и без знака
E:\4 сеееем\курсачкакойтоидиотский\SAPIS\Server\Server.cpp(297,21): warning C4018: <: несоответствие типов со знаком и без знака
E:\4 сеееем\курсачкакойтоидиотский\SAPIS\Server\Server.cpp(302,21): warning C4018: <: несоответствие типов со знаком и без знака
E:\4 сеееем\курсачкакойтоидиотский\SAPIS\Server\Server.cpp(260,8): warning C4101: ff: неиспользованная локальная переменная
E:\4 сеееем\курсачкакойтоидиотский\SAPIS\Server\Server.cpp(465,21): warning C4018: <: несоответствие типов со знаком и без знака
E:\4 сеееем\курсачкакойтоидиотский\SAPIS\Server\Server.cpp(468,21): warning C4018: <: несоответствие типов со знаком и без знака
E:\4 сеееем\курсачкакойтоидиотский\SAPIS\Server\Server.cpp(517,21): warning C4018: <: несоответствие типов со знаком и без знака
E:\4 сеееем\курсачкакойтоидиотский\SAPIS\Server\Server.cpp(522,21): warning C4018: <: несоответствие типов со знаком и без знака
E:\4 сеееем\курсачкакойтоидиотский\SAPIS\Server\Server.cpp(1033,17): warning C4244: =: преобразование "int" в "float", возможна потеря данных
E:\4 сеееем\курсачкакойтоидиотский\SAPIS\Server\Server.cpp(1034,26): warning C4244: аргумент: преобразование "float" в "int", возможна потеря данных
E:\4 сеееем\курсачкакойтоидиотский\SAPIS\Server\Server.cpp(1039,17): warning C4244: =: преобразование "int" в "float", возможна потеря данных
E:\4 сеееем\курсачкакойтоидиотский\SAPIS\Server\Server.cpp(1040,26): warning C4244: аргумент: преобразование "float" в "int", возможна потеря данных
E:\4 сеееем\курсачкакойтоидиотский\SAPIS\Server\Server.cpp(1198,36): warning C4244: =: преобразование "float" в "int", возможна потеря данных
E:\4 сеееем\курсачкакойтоидиотский\SAPIS\Server\Server.cpp(1284,21): warning C4244: =: преобразование "int" в "float", возможна потеря данных
E:\4 сеееем\курсачкакойтоидиотский\SAPIS\Server\Server.cpp(1290,29): warning C4244: аргумент: преобразование "float" в "int", возможна потеря данных
E:\4 сеееем\курсачкакойтоидиотский\SAPIS\Server\Server.cpp(1353,34): warning C4244: =: преобразование "float" в "int", возможна потеря данных
E:\4 сеееем\курсачкакойтоидиотский\SAPIS\Server\Server.cpp(576,8): warning C4101: login_admin: неиспользованная локальная переменная
E:\4 сеееем\курсачкакойтоидиотский\SAPIS\Server\Server.cpp(577,7): warning C4101: password_admin: неиспользованная локальная переменная
  Server.vcxproj -> E:\4 сеееем\курсачкакойтоидиотский\SAPIS\Debug\Server.exe
